Warning[207] C:\USERS\GILSON\MPLABXPROJECTS\PROJETO2.X\PROJETO2.ASM 6 : Found label after column 1. (VARIAVEl)
Warning[207] C:\USERS\GILSON\MPLABXPROJECTS\PROJETO2.X\PROJETO2.ASM 7 : Found label after column 1. (VARIAVEl2)
Warning[207] C:\USERS\GILSON\MPLABXPROJECTS\PROJETO2.X\PROJETO2.ASM 8 : Found label after column 1. (VARIAVEl3)
Warning[207] C:\USERS\GILSON\MPLABXPROJECTS\PROJETO2.X\PROJETO2.ASM 9 : Found label after column 1. (VARIAVEl4)
Warning[207] C:\USERS\GILSON\MPLABXPROJECTS\PROJETO2.X\PROJETO2.ASM 10 : Found label after column 1. (VARIAVEl5)
Warning[207] C:\USERS\GILSON\MPLABXPROJECTS\PROJETO2.X\PROJETO2.ASM 11 : Found label after column 1. (VARIAVEl6)
Warning[207] C:\USERS\GILSON\MPLABXPROJECTS\PROJETO2.X\PROJETO2.ASM 13 : Found label after column 1. (MIN)
Warning[207] C:\USERS\GILSON\MPLABXPROJECTS\PROJETO2.X\PROJETO2.ASM 28 : Found label after column 1. (INICIO)
Warning[207] C:\USERS\GILSON\MPLABXPROJECTS\PROJETO2.X\PROJETO2.ASM 35 : Found label after column 1. (POOLING)
Warning[203] C:\USERS\GILSON\MPLABXPROJECTS\PROJETO2.X\PROJETO2.ASM 43 : Found opcode in column 1. (CALL)
Warning[203] C:\USERS\GILSON\MPLABXPROJECTS\PROJETO2.X\PROJETO2.ASM 44 : Found opcode in column 1. (DECF)
Warning[203] C:\USERS\GILSON\MPLABXPROJECTS\PROJETO2.X\PROJETO2.ASM 45 : Found opcode in column 1. (CALL)
Warning[203] C:\USERS\GILSON\MPLABXPROJECTS\PROJETO2.X\PROJETO2.ASM 46 : Found opcode in column 1. (MOVWF)
Warning[203] C:\USERS\GILSON\MPLABXPROJECTS\PROJETO2.X\PROJETO2.ASM 47 : Found opcode in column 1. (MOVWF)
Warning[203] C:\USERS\GILSON\MPLABXPROJECTS\PROJETO2.X\PROJETO2.ASM 48 : Found opcode in column 1. (BTFSS)
Warning[203] C:\USERS\GILSON\MPLABXPROJECTS\PROJETO2.X\PROJETO2.ASM 49 : Found opcode in column 1. (GOTO)
Warning[203] C:\USERS\GILSON\MPLABXPROJECTS\PROJETO2.X\PROJETO2.ASM 52 : Found opcode in column 1. (BSF)
Warning[203] C:\USERS\GILSON\MPLABXPROJECTS\PROJETO2.X\PROJETO2.ASM 53 : Found opcode in column 1. (CALL)
Warning[203] C:\USERS\GILSON\MPLABXPROJECTS\PROJETO2.X\PROJETO2.ASM 54 : Found opcode in column 1. (BCF)
Warning[203] C:\USERS\GILSON\MPLABXPROJECTS\PROJETO2.X\PROJETO2.ASM 55 : Found opcode in column 1. (CALL)
Warning[203] C:\USERS\GILSON\MPLABXPROJECTS\PROJETO2.X\PROJETO2.ASM 56 : Found opcode in column 1. (CALL)
Warning[203] C:\USERS\GILSON\MPLABXPROJECTS\PROJETO2.X\PROJETO2.ASM 57 : Found opcode in column 1. (CALL)
Warning[203] C:\USERS\GILSON\MPLABXPROJECTS\PROJETO2.X\PROJETO2.ASM 58 : Found opcode in column 1. (CALL)
Warning[203] C:\USERS\GILSON\MPLABXPROJECTS\PROJETO2.X\PROJETO2.ASM 59 : Found opcode in column 1. (GOTO)
Warning[207] C:\USERS\GILSON\MPLABXPROJECTS\PROJETO2.X\PROJETO2.ASM 64 : Found label after column 1. (LOOP7)
Warning[207] C:\USERS\GILSON\MPLABXPROJECTS\PROJETO2.X\PROJETO2.ASM 67 : Found label after column 1. (LOOP6)
Warning[207] C:\USERS\GILSON\MPLABXPROJECTS\PROJETO2.X\PROJETO2.ASM 90 : Found label after column 1. (MLOOP)
Warning[207] C:\USERS\GILSON\MPLABXPROJECTS\PROJETO2.X\PROJETO2.ASM 99 : Found label after column 1. (LOOP2)
Warning[207] C:\USERS\GILSON\MPLABXPROJECTS\PROJETO2.X\PROJETO2.ASM 108 : Found label after column 1. (LOOP3)
Warning[207] C:\USERS\GILSON\MPLABXPROJECTS\PROJETO2.X\PROJETO2.ASM 130 : Found label after column 1. (LOOP4)
Warning[207] C:\USERS\GILSON\MPLABXPROJECTS\PROJETO2.X\PROJETO2.ASM 146 : Found label after column 1. (l2)
Warning[207] C:\USERS\GILSON\MPLABXPROJECTS\PROJETO2.X\PROJETO2.ASM 154 : Found label after column 1. (l3)
Warning[207] C:\USERS\GILSON\MPLABXPROJECTS\PROJETO2.X\PROJETO2.ASM 159 : Found label after column 1. (l1)
Warning[205] C:\USERS\GILSON\MPLABXPROJECTS\PROJETO2.X\PROJETO2.ASM 165 : Found directive in column 1. (END)
